Log file open, 05/09/19 00:25:45
LogWindows: Failed to load 'aqProf.dll' (GetLastError=126)
LogWindows: File 'aqProf.dll' does not exist
LogWindows: Failed to load 'VtuneApi.dll' (GetLastError=126)
LogWindows: File 'VtuneApi.dll' does not exist
LogWindows: Failed to load 'VtuneApi32e.dll' (GetLastError=126)
LogWindows: File 'VtuneApi32e.dll' does not exist
LogConsoleResponse: Display: Failed to find resolution value strings in scalability ini. Falling back to default.
LogInit: Display: Running engine for game: NewProject
LogPakFile: Registered encryption key '00000000000000000000000000000000': 0 pak files mounted, 0 remain pending
LogPlatformFile: Not using cached read wrapper
LogTaskGraph: Started task graph with 5 named threads and 47 total threads with 3 sets of task threads.
LogStats: Stats thread started at 0.542438
LogD3D11RHI: Loaded GFSDK_Aftermath_Lib.x64.dll
LogICUInternationalization: ICU TimeZone Detection - Raw Offset: +1:00, Platform Override: ''
LogPluginManager: Mounting plugin Paper2D
LogPluginManager: Mounting plugin AISupport
LogPluginManager: Mounting plugin LightPropagationVolume
LogPluginManager: Mounting plugin ActorLayerUtilities
LogPluginManager: Mounting plugin AnimationSharing
LogPluginManager: Mounting plugin CLionSourceCodeAccess
LogPluginManager: Mounting plugin CodeLiteSourceCodeAccess
LogPluginManager: Mounting plugin GitSourceControl
LogPluginManager: Mounting plugin KDevelopSourceCodeAccess
LogPluginManager: Mounting plugin NullSourceCodeAccess
LogPluginManager: Mounting plugin PerforceSourceControl
LogPluginManager: Mounting plugin SubversionSourceControl
LogPluginManager: Mounting plugin UObjectPlugin
LogPluginManager: Mounting plugin VisualStudioCodeSourceCodeAccess
LogPluginManager: Mounting plugin VisualStudioSourceCodeAccess
LogPluginManager: Mounting plugin XCodeSourceCodeAccess
LogPluginManager: Mounting plugin AssetManagerEditor
LogPluginManager: Mounting plugin CryptoKeys
LogPluginManager: Mounting plugin DataValidation
LogPluginManager: Mounting plugin FacialAnimation
LogPluginManager: Mounting plugin GameplayTagsEditor
LogPluginManager: Mounting plugin MacGraphicsSwitching
LogPluginManager: Mounting plugin MaterialAnalyzer
LogPluginManager: Mounting plugin MobileLauncherProfileWizard
LogPluginManager: Mounting plugin PluginBrowser
LogPluginManager: Mounting plugin SpeedTreeImporter
LogPluginManager: Mounting plugin DatasmithContent
LogPluginManager: Mounting plugin VariantManagerContent
LogPluginManager: Mounting plugin AlembicImporter
LogPluginManager: Mounting plugin AppleImageUtils
LogPluginManager: Mounting plugin AppleVision
LogPluginManager: Mounting plugin BackChannel
LogPluginManager: Mounting plugin CharacterAI
LogPluginManager: Mounting plugin GeometryCache
LogPluginManager: Mounting plugin HTML5Networking
LogPluginManager: Mounting plugin ProxyLODPlugin
LogPluginManager: Mounting plugin SkeletalReduction
LogPluginManager: Mounting plugin MagicLeap
LogPluginManager: Mounting plugin MagicLeapMedia
LogPluginManager: Mounting plugin AndroidMedia
LogPluginManager: Mounting plugin AvfMedia
LogPluginManager: Mounting plugin ImgMedia
LogPluginManager: Mounting plugin LinearTimecode
LogPluginManager: Mounting plugin MediaCompositing
LogPluginManager: Mounting plugin MediaPlayerEditor
LogPluginManager: Mounting plugin WebMMedia
LogPluginManager: Mounting plugin WmfMedia
LogPluginManager: Mounting plugin TcpMessaging
LogPluginManager: Mounting plugin UdpMessaging
LogPluginManager: Mounting plugin ActorSequence
LogPluginManager: Mounting plugin LevelSequenceEditor
LogPluginManager: Mounting plugin MatineeToLevelSequence
LogPluginManager: Mounting plugin NetcodeUnitTest
LogPluginManager: Mounting plugin NUTUnrealEngine4
LogPluginManager: Mounting plugin OnlineSubsystemGooglePlay
LogPluginManager: Mounting plugin OnlineSubsystemIOS
LogPluginManager: Mounting plugin OnlineSubsystem
LogPluginManager: Mounting plugin OnlineSubsystemNull
LogPluginManager: Mounting plugin OnlineSubsystemUtils
LogPluginManager: Mounting plugin LauncherChunkInstaller
LogPluginManager: Mounting plugin AndroidDeviceProfileSelector
LogPluginManager: Mounting plugin AndroidMoviePlayer
LogPluginManager: Mounting plugin AndroidPermission
LogPluginManager: Mounting plugin AppleMoviePlayer
LogPluginManager: Mounting plugin ArchVisCharacter
LogPluginManager: Mounting plugin AudioCapture
LogPluginManager: Mounting plugin CableComponent
LogPluginManager: Mounting plugin CustomMeshComponent
LogPluginManager: Mounting plugin EditableMesh
LogPluginManager: Mounting plugin ExampleDeviceProfileSelector
LogPluginManager: Mounting plugin Firebase
LogPluginManager: Mounting plugin GoogleCloudMessaging
LogPluginManager: Mounting plugin IOSDeviceProfileSelector
LogPluginManager: Mounting plugin LinuxDeviceProfileSelector
LogPluginManager: Mounting plugin LocationServicesBPLibrary
LogPluginManager: Mounting plugin MobilePatchingUtils
LogPluginManager: Mounting plugin OculusVR
LogPluginManager: Mounting plugin PhysXVehicles
LogPluginManager: Mounting plugin ProceduralMeshComponent
LogPluginManager: Mounting plugin RuntimePhysXCooking
LogPluginManager: Mounting plugin SignificanceManager
LogPluginManager: Mounting plugin SteamVR
LogPluginManager: Mounting plugin WebMMoviePlayer
LogPluginManager: Mounting plugin WindowsMoviePlayer
LogInit: Using libcurl 7.55.1-DEV
LogInit:  - built for x86_64-pc-win32
LogInit:  - supports SSL with OpenSSL/1.1.1
LogInit:  - supports HTTP deflate (compression) using libz 1.2.8
LogInit:  - other features:
LogInit:      CURL_VERSION_SSL
LogInit:      CURL_VERSION_LIBZ
LogInit:      CURL_VERSION_IPV6
LogInit:      CURL_VERSION_ASYNCHDNS
LogInit:      CURL_VERSION_LARGEFILE
LogInit:      CURL_VERSION_IDN
LogInit:  CurlRequestOptions (configurable via config and command line):
LogInit:  - bVerifyPeer = true  - Libcurl will verify peer certificate
LogInit:  - bUseHttpProxy = false  - Libcurl will NOT use HTTP proxy
LogInit:  - bDontReuseConnections = false  - Libcurl will reuse connections
LogInit:  - MaxHostConnections = 16  - Libcurl will limit the number of connections to a host
LogInit:  - LocalHostAddr = Default
LogInit:  - BufferSize = 65536
LogInit: WinSock: version 1.1 (2.2), MaxSocks=32767, MaxUdp=65467
LogInit: Build: ++UE4+Release-4.22-CL-6063286
LogInit: Engine Version: 4.22.1-6063286+++UE4+Release-4.22
LogInit: Compatible Engine Version: 4.22.0-5660361+++UE4+Release-4.22
LogInit: Net CL: 5660361
LogInit: OS: Windows 10 (Release 1809) (), CPU: AMD Ryzen 7 2700 Eight-Core Processor          , GPU: NVIDIA GeForce RTX 2060
LogInit: Compiled (64-bit): Apr 24 2019 04:36:48
LogInit: Compiled with Visual C++: 19.16.27025.01
LogInit: Build Configuration: Development
LogInit: Branch Name: ++UE4+Release-4.22
LogInit: Command Line: 
LogInit: Base Directory: D:/Spiele/UE_4.22/Engine/Binaries/Win64/
LogInit: Installed Engine Build: 1
LogDevObjectVersion: Number of dev versions registered: 23
LogDevObjectVersion:   Dev-Blueprints (B0D832E4-1F89-4F0D-ACCF-7EB736FD4AA2): 10
LogDevObjectVersion:   Dev-Build (E1C64328-A22C-4D53-A36C-8E866417BD8C): 0
LogDevObjectVersion:   Dev-Core (375EC13C-06E4-48FB-B500-84F0262A717E): 3
LogDevObjectVersion:   Dev-Editor (E4B068ED-F494-42E9-A231-DA0B2E46BB41): 30
LogDevObjectVersion:   Dev-Framework (CFFC743F-43B0-4480-9391-14DF171D2073): 35
LogDevObjectVersion:   Dev-Mobile (B02B49B5-BB20-44E9-A304-32B752E40360): 2
LogDevObjectVersion:   Dev-Networking (A4E4105C-59A1-49B5-A7C5-40C4547EDFEE): 0
LogDevObjectVersion:   Dev-Online (39C831C9-5AE6-47DC-9A44-9C173E1C8E7C): 0
LogDevObjectVersion:   Dev-Physics (78F01B33-EBEA-4F98-B9B4-84EACCB95AA2): 0
LogDevObjectVersion:   Dev-Platform (6631380F-2D4D-43E0-8009-CF276956A95A): 0
LogDevObjectVersion:   Dev-Rendering (12F88B9F-8875-4AFC-A67C-D90C383ABD29): 28
LogDevObjectVersion:   Dev-Sequencer (7B5AE74C-D270-4C10-A958-57980B212A5A): 11
LogDevObjectVersion:   Dev-VR (D7296918-1DD6-4BDD-9DE2-64A83CC13884): 2
LogDevObjectVersion:   Dev-LoadTimes (C2A15278-BFE7-4AFE-6C17-90FF531DF755): 1
LogDevObjectVersion:   Private-Geometry (6EACA3D4-40EC-4CC1-B786-8BED09428FC5): 3
LogDevObjectVersion:   Dev-AnimPhys (29E575DD-E0A3-4627-9D10-D276232CDCEA): 17
LogDevObjectVersion:   Dev-Anim (AF43A65D-7FD3-4947-9873-3E8ED9C1BB05): 2
LogDevObjectVersion:   Dev-ReflectionCapture (6B266CEC-1EC7-4B8F-A30B-E4D90942FC07): 1
LogDevObjectVersion:   Dev-Automation (0DF73D61-A23F-47EA-B727-89E90C41499A): 1
LogDevObjectVersion:   FortniteMain (601D1886-AC64-4F84-AA16-D3DE0DEAC7D6): 25
LogDevObjectVersion:   Dev-Enterprise (9DFFBCD6-494F-0158-E221-12823C92A888): 6
LogDevObjectVersion:   Dev-Niagara (F2AED0AC-9AFE-416F-8664-AA7FFA26D6FC): 1
LogDevObjectVersion:   Dev-Destruction (174F1F0B-B4C6-45A5-B13F-2EE8D0FB917D): 2
LogInit: Presizing for max 16777216 objects, including 0 objects not considered by GC, pre-allocating 0 bytes for permanent pool.
LogInit: Object subsystem initialized
LogConfig: Setting CVar [[con.DebugEarlyDefault:1]]
LogConfig: Setting CVar [[r.setres:1280x720]]
[2019.05.08-22.25.45:857][  0]LogConfig: Setting CVar [[r.VSync:0]]
[2019.05.08-22.25.45:858][  0]LogConfig: Setting CVar [[r.RHICmdBypass:0]]
[2019.05.08-22.25.45:858][  0]LogConfig: Applying CVar settings from Section [/Script/Engine.RendererSettings] File [D:/GitHub/UE4ProjectNew/NewProject/Saved/Config/Windows/Engine.ini]
[2019.05.08-22.25.45:858][  0]LogConfig: Setting CVar [[r.GPUCrashDebugging:0]]
[2019.05.08-22.25.45:858][  0]LogConfig: Applying CVar settings from Section [/Script/Engine.RendererOverrideSettings] File [D:/GitHub/UE4ProjectNew/NewProject/Saved/Config/Windows/Engine.ini]
[2019.05.08-22.25.45:858][  0]LogConfig: Applying CVar settings from Section [/Script/Engine.StreamingSettings] File [D:/GitHub/UE4ProjectNew/NewProject/Saved/Config/Windows/Engine.ini]
[2019.05.08-22.25.45:858][  0]LogConfig: Setting CVar [[s.MinBulkDataSizeForAsyncLoading:131072]]
[2019.05.08-22.25.45:858][  0]LogConfig: Setting CVar [[s.AsyncLoadingThreadEnabled:0]]
[2019.05.08-22.25.45:858][  0]LogConfig: Setting CVar [[s.EventDrivenLoaderEnabled:1]]
[2019.05.08-22.25.45:858][  0]LogConfig: Setting CVar [[s.WarnIfTimeLimitExceeded:0]]
[2019.05.08-22.25.45:858][  0]LogConfig: Setting CVar [[s.TimeLimitExceededMultiplier:1.5]]
[2019.05.08-22.25.45:858][  0]LogConfig: Setting CVar [[s.TimeLimitExceededMinTime:0.005]]
[2019.05.08-22.25.45:858][  0]LogConfig: Setting CVar [[s.UseBackgroundLevelStreaming:1]]
[2019.05.08-22.25.45:858][  0]LogConfig: Setting CVar [[s.PriorityAsyncLoadingExtraTime:15.0]]
[2019.05.08-22.25.45:858][  0]LogConfig: Setting CVar [[s.LevelStreamingActorsUpdateTimeLimit:5.0]]
[2019.05.08-22.25.45:858][  0]LogConfig: Setting CVar [[s.PriorityLevelStreamingActorsUpdateExtraTime:5.0]]
[2019.05.08-22.25.45:858][  0]LogConfig: Setting CVar [[s.LevelStreamingComponentsRegistrationGranularity:10]]
[2019.05.08-22.25.45:858][  0]LogConfig: Setting CVar [[s.UnregisterComponentsTimeLimit:1.0]]
[2019.05.08-22.25.45:858][  0]LogConfig: Setting CVar [[s.LevelStreamingComponentsUnregistrationGranularity:5]]
[2019.05.08-22.25.45:858][  0]LogConfig: Applying CVar settings from Section [/Script/Engine.GarbageCollectionSettings] File [D:/GitHub/UE4ProjectNew/NewProject/Saved/Config/Windows/Engine.ini]
[2019.05.08-22.25.45:858][  0]LogConfig: Setting CVar [[gc.MaxObjectsNotConsideredByGC:1]]
[2019.05.08-22.25.45:858][  0]LogConfig: Setting CVar [[gc.SizeOfPermanentObjectPool:0]]
[2019.05.08-22.25.45:858][  0]LogConfig: Setting CVar [[gc.FlushStreamingOnGC:0]]
[2019.05.08-22.25.45:858][  0]LogConfig: Setting CVar [[gc.NumRetriesBeforeForcingGC:10]]
[2019.05.08-22.25.45:858][  0]LogConfig: Setting CVar [[gc.AllowParallelGC:1]]
[2019.05.08-22.25.45:858][  0]LogConfig: Setting CVar [[gc.TimeBetweenPurgingPendingKillObjects:61.1]]
[2019.05.08-22.25.45:858][  0]LogConfig: Setting CVar [[gc.MaxObjectsInEditor:16777216]]
[2019.05.08-22.25.45:858][  0]LogConfig: Setting CVar [[gc.IncrementalBeginDestroyEnabled:1]]
[2019.05.08-22.25.45:858][  0]LogConfig: Setting CVar [[gc.CreateGCClusters:1]]
[2019.05.08-22.25.45:858][  0]LogConfig: Setting CVar [[gc.MinGCClusterSize:5]]
[2019.05.08-22.25.45:858][  0]LogConfig: Setting CVar [[gc.ActorClusteringEnabled:0]]
[2019.05.08-22.25.45:858][  0]LogConfig: Setting CVar [[gc.BlueprintClusteringEnabled:0]]
[2019.05.08-22.25.45:858][  0]LogConfig: Setting CVar [[gc.UseDisregardForGCOnDedicatedServers:0]]
[2019.05.08-22.25.45:858][  0]LogConfig: Applying CVar settings from Section [/Script/Engine.NetworkSettings] File [D:/GitHub/UE4ProjectNew/NewProject/Saved/Config/Windows/Engine.ini]
[2019.05.08-22.25.45:858][  0]LogConfig: Applying CVar settings from Section [/Script/UnrealEd.CookerSettings] File [D:/GitHub/UE4ProjectNew/NewProject/Saved/Config/Windows/Engine.ini]
[2019.05.08-22.25.45:863][  0]LogConfig: Applying CVar settings from Section [ViewDistanceQuality@3] File [D:/GitHub/UE4ProjectNew/NewProject/Saved/Config/Windows/Scalability.ini]
[2019.05.08-22.25.45:864][  0]LogConfig: Setting CVar [[r.SkeletalMeshLODBias:0]]
[2019.05.08-22.25.45:864][  0]LogConfig: Setting CVar [[r.ViewDistanceScale:1.0]]
[2019.05.08-22.25.45:864][  0]LogConfig: Applying CVar settings from Section [AntiAliasingQuality@3] File [D:/GitHub/UE4ProjectNew/NewProject/Saved/Config/Windows/Scalability.ini]
[2019.05.08-22.25.45:864][  0]LogConfig: Setting CVar [[r.PostProcessAAQuality:4]]
[2019.05.08-22.25.45:864][  0]LogConfig: Applying CVar settings from Section [ShadowQuality@3] File [D:/GitHub/UE4ProjectNew/NewProject/Saved/Config/Windows/Scalability.ini]
[2019.05.08-22.25.45:864][  0]LogConfig: Setting CVar [[r.LightFunctionQuality:1]]
[2019.05.08-22.25.45:864][  0]LogConfig: Setting CVar [[r.ShadowQuality:5]]
[2019.05.08-22.25.45:864][  0]LogConfig: Setting CVar [[r.Shadow.CSM.MaxCascades:10]]
[2019.05.08-22.25.45:864][  0]LogConfig: Setting CVar [[r.Shadow.MaxResolution:2048]]
[2019.05.08-22.25.45:864][  0]LogConfig: Setting CVar [[r.Shadow.MaxCSMResolution:2048]]
[2019.05.08-22.25.45:864][  0]LogConfig: Setting CVar [[r.Shadow.RadiusThreshold:0.01]]
[2019.05.08-22.25.45:864][  0]LogConfig: Setting CVar [[r.Shadow.DistanceScale:1.0]]
[2019.05.08-22.25.45:864][  0]LogConfig: Setting CVar [[r.Shadow.CSM.TransitionScale:1.0]]
[2019.05.08-22.25.45:864][  0]LogConfig: Setting CVar [[r.Shadow.PreShadowResolutionFactor:1.0]]
[2019.05.08-22.25.45:864][  0]LogConfig: Setting CVar [[r.DistanceFieldShadowing:1]]
[2019.05.08-22.25.45:864][  0]LogConfig: Setting CVar [[r.DistanceFieldAO:1]]
[2019.05.08-22.25.45:864][  0]LogConfig: Setting CVar [[r.AOQuality:2]]
[2019.05.08-22.25.45:864][  0]LogConfig: Setting CVar [[r.VolumetricFog:1]]
[2019.05.08-22.25.45:864][  0]LogConfig: Setting CVar [[r.VolumetricFog.GridPixelSize:8]]
[2019.05.08-22.25.45:864][  0]LogConfig: Setting CVar [[r.VolumetricFog.GridSizeZ:128]]
[2019.05.08-22.25.45:864][  0]LogConfig: Setting CVar [[r.VolumetricFog.HistoryMissSupersampleCount:4]]
[2019.05.08-22.25.45:864][  0]LogConfig: Setting CVar [[r.LightMaxDrawDistanceScale:1]]
[2019.05.08-22.25.45:864][  0]LogConfig: Setting CVar [[r.CapsuleShadows:1]]
[2019.05.08-22.25.45:864][  0]LogConfig: Applying CVar settings from Section [PostProcessQuality@3] File [D:/GitHub/UE4ProjectNew/NewProject/Saved/Config/Windows/Scalability.ini]
[2019.05.08-22.25.45:864][  0]LogConfig: Setting CVar [[r.MotionBlurQuality:4]]
[2019.05.08-22.25.45:864][  0]LogConfig: Setting CVar [[r.AmbientOcclusionMipLevelFactor:0.4]]
[2019.05.08-22.25.45:864][  0]LogConfig: Setting CVar [[r.AmbientOcclusionMaxQuality:100]]
[2019.05.08-22.25.45:864][  0]LogConfig: Setting CVar [[r.AmbientOcclusionLevels:-1]]
[2019.05.08-22.25.45:864][  0]LogConfig: Setting CVar [[r.AmbientOcclusionRadiusScale:1.0]]
[2019.05.08-22.25.45:864][  0]LogConfig: Setting CVar [[r.DepthOfFieldQuality:2]]
[2019.05.08-22.25.45:864][  0]LogConfig: Setting CVar [[r.RenderTargetPoolMin:400]]
[2019.05.08-22.25.45:864][  0]LogConfig: Setting CVar [[r.LensFlareQuality:2]]
[2019.05.08-22.25.45:864][  0]LogConfig: Setting CVar [[r.SceneColorFringeQuality:1]]
[2019.05.08-22.25.45:864][  0]LogConfig: Setting CVar [[r.EyeAdaptationQuality:2]]
[2019.05.08-22.25.45:864][  0]LogConfig: Setting CVar [[r.BloomQuality:5]]
[2019.05.08-22.25.45:864][  0]LogConfig: Setting CVar [[r.FastBlurThreshold:100]]
[2019.05.08-22.25.45:864][  0]LogConfig: Setting CVar [[r.Upscale.Quality:3]]
[2019.05.08-22.25.45:864][  0]LogConfig: Setting CVar [[r.Tonemapper.GrainQuantization:1]]
[2019.05.08-22.25.45:864][  0]LogConfig: Setting CVar [[r.LightShaftQuality:1]]
[2019.05.08-22.25.45:864][  0]LogConfig: Setting CVar [[r.Filter.SizeScale:1]]
[2019.05.08-22.25.45:864][  0]LogConfig: Setting CVar [[r.Tonemapper.Quality:5]]
[2019.05.08-22.25.45:864][  0]LogConfig: Setting CVar [[r.DOF.Gather.AccumulatorQuality:1        ; higher gathering accumulator quality]]
[2019.05.08-22.25.45:864][  0]LogConfig: Setting CVar [[r.DOF.Gather.PostfilterMethod:1          ; Median3x3 postfilering method]]
[2019.05.08-22.25.45:864][  0]LogConfig: Setting CVar [[r.DOF.Gather.EnableBokehSettings:0       ; no bokeh simulation when gathering]]
[2019.05.08-22.25.45:864][  0]LogConfig: Setting CVar [[r.DOF.Gather.RingCount:4                 ; medium number of samples when gathering]]
[2019.05.08-22.25.45:864][  0]LogConfig: Setting CVar [[r.DOF.Scatter.ForegroundCompositing:1    ; additive foreground scattering]]
[2019.05.08-22.25.45:864][  0]LogConfig: Setting CVar [[r.DOF.Scatter.BackgroundCompositing:2    ; additive background scattering]]
[2019.05.08-22.25.45:864][  0]LogConfig: Setting CVar [[r.DOF.Scatter.EnableBokehSettings:1      ; bokeh simulation when scattering]]
[2019.05.08-22.25.45:864][  0]LogConfig: Setting CVar [[r.DOF.Scatter.MaxSpriteRatio:0.1         ; only a maximum of 10% of scattered bokeh]]
[2019.05.08-22.25.45:864][  0]LogConfig: Setting CVar [[r.DOF.Recombine.Quality:1                ; cheap slight out of focus]]
[2019.05.08-22.25.45:864][  0]LogConfig: Setting CVar [[r.DOF.Recombine.EnableBokehSettings:0    ; no bokeh simulation on slight out of focus]]
[2019.05.08-22.25.45:864][  0]LogConfig: Setting CVar [[r.DOF.TemporalAAQuality:1                ; more stable temporal accumulation]]
[2019.05.08-22.25.45:864][  0]LogConfig: Setting CVar [[r.DOF.Kernel.MaxForegroundRadius:0.025]]
[2019.05.08-22.25.45:864][  0]LogConfig: Setting CVar [[r.DOF.Kernel.MaxBackgroundRadius:0.025]]
[2019.05.08-22.25.45:864][  0]LogConfig: Applying CVar settings from Section [TextureQuality@3] File [D:/GitHub/UE4ProjectNew/NewProject/Saved/Config/Windows/Scalability.ini]
[2019.05.08-22.25.45:864][  0]LogConfig: Setting CVar [[r.Streaming.MipBias:0]]
[2019.05.08-22.25.45:864][  0]LogConfig: Setting CVar [[r.Streaming.AmortizeCPUToGPUCopy:0]]
[2019.05.08-22.25.45:864][  0]LogConfig: Setting CVar [[r.Streaming.MaxNumTexturesToStreamPerFrame:0]]
[2019.05.08-22.25.45:864][  0]LogConfig: Setting CVar [[r.Streaming.Boost:1]]
[2019.05.08-22.25.45:864][  0]LogConfig: Setting CVar [[r.MaxAnisotropy:8]]
[2019.05.08-22.25.45:864][  0]LogConfig: Setting CVar [[r.Streaming.LimitPoolSizeToVRAM:0]]
[2019.05.08-22.25.45:864][  0]LogConfig: Setting CVar [[r.Streaming.PoolSize:1000]]
[2019.05.08-22.25.45:864][  0]LogConfig: Setting CVar [[r.Streaming.MaxEffectiveScreenSize:0]]
[2019.05.08-22.25.45:864][  0]LogConfig: Applying CVar settings from Section [EffectsQuality@3] File [D:/GitHub/UE4ProjectNew/NewProject/Saved/Config/Windows/Scalability.ini]
[2019.05.08-22.25.45:865][  0]LogConfig: Setting CVar [[r.TranslucencyLightingVolumeDim:64]]
[2019.05.08-22.25.45:865][  0]LogConfig: Setting CVar [[r.RefractionQuality:2]]
[2019.05.08-22.25.45:865][  0]LogConfig: Setting CVar [[r.SSR.Quality:3]]
[2019.05.08-22.25.45:865][  0]LogConfig: Setting CVar [[r.SceneColorFormat:4]]
[2019.05.08-22.25.45:865][  0]LogConfig: Setting CVar [[r.DetailMode:2]]
[2019.05.08-22.25.45:865][  0]LogConfig: Setting CVar [[r.TranslucencyVolumeBlur:1]]
[2019.05.08-22.25.45:865][  0]LogConfig: Setting CVar [[r.MaterialQualityLevel:1 ; High quality]]
[2019.05.08-22.25.45:865][  0]LogConfig: Setting CVar [[r.SSS.Scale:1]]
[2019.05.08-22.25.45:865][  0]LogConfig: Setting CVar [[r.SSS.SampleSet:2]]
[2019.05.08-22.25.45:865][  0]LogConfig: Setting CVar [[r.SSS.Quality:1]]
[2019.05.08-22.25.45:865][  0]LogConfig: Setting CVar [[r.SSS.HalfRes:1]]
[2019.05.08-22.25.45:865][  0]LogConfig: Setting CVar [[r.EmitterSpawnRateScale:1.0]]
[2019.05.08-22.25.45:865][  0]LogConfig: Setting CVar [[r.ParticleLightQuality:2]]
[2019.05.08-22.25.45:865][  0]LogConfig: Applying CVar settings from Section [FoliageQuality@3] File [D:/GitHub/UE4ProjectNew/NewProject/Saved/Config/Windows/Scalability.ini]
[2019.05.08-22.25.45:865][  0]LogConfig: Setting CVar [[foliage.DensityScale:1.0]]
[2019.05.08-22.25.45:865][  0]LogConfig: Setting CVar [[grass.DensityScale:1.0]]
[2019.05.08-22.25.45:865][  0]LogInit: Selected Device Profile: [Windows]
[2019.05.08-22.25.45:865][  0]LogInit: Applying CVar settings loaded from the selected device profile: [Windows]
[2019.05.08-22.25.45:879][  0]LogHAL: Display: Platform has ~ 16 GB [17121017856 / 17179869184 / 16], which maps to Larger [LargestMinGB=32, LargerMinGB=12, DefaultMinGB=8, SmallerMinGB=6, SmallestMinGB=0)
[2019.05.08-22.25.45:879][  0]LogConfig: Setting CVar [[r.Vulkan.UseRealUBs:0		; Required until we fix HLR fall-out]]
[2019.05.08-22.25.45:879][  0]LogInit: Going up to parent DeviceProfile []
[2019.05.08-22.25.45:879][  0]LogConfig: Applying CVar settings from Section [ViewDistanceQuality@3] File [D:/GitHub/UE4ProjectNew/NewProject/Saved/Config/Windows/Scalability.ini]
[2019.05.08-22.25.45:879][  0]LogConfig: Setting CVar [[r.SkeletalMeshLODBias:0]]
[2019.05.08-22.25.45:879][  0]LogConfig: Setting CVar [[r.ViewDistanceScale:1.0]]
[2019.05.08-22.25.45:880][  0]LogConfig: Applying CVar settings from Section [AntiAliasingQuality@3] File [D:/GitHub/UE4ProjectNew/NewProject/Saved/Config/Windows/Scalability.ini]
[2019.05.08-22.25.45:880][  0]LogConfig: Setting CVar [[r.PostProcessAAQuality:4]]
[2019.05.08-22.25.45:880][  0]LogConfig: Applying CVar settings from Section [ShadowQuality@3] File [D:/GitHub/UE4ProjectNew/NewProject/Saved/Config/Windows/Scalability.ini]
[2019.05.08-22.25.45:880][  0]LogConfig: Setting CVar [[r.LightFunctionQuality:1]]
[2019.05.08-22.25.45:880][  0]LogConfig: Setting CVar [[r.ShadowQuality:5]]
[2019.05.08-22.25.45:880][  0]LogConfig: Setting CVar [[r.Shadow.CSM.MaxCascades:10]]
[2019.05.08-22.25.45:880][  0]LogConfig: Setting CVar [[r.Shadow.MaxResolution:2048]]
[2019.05.08-22.25.45:880][  0]LogConfig: Setting CVar [[r.Shadow.MaxCSMResolution:2048]]
[2019.05.08-22.25.45:880][  0]LogConfig: Setting CVar [[r.Shadow.RadiusThreshold:0.01]]
[2019.05.08-22.25.45:880][  0]LogConfig: Setting CVar [[r.Shadow.DistanceScale:1.0]]
[2019.05.08-22.25.45:880][  0]LogConfig: Setting CVar [[r.Shadow.CSM.TransitionScale:1.0]]
[2019.05.08-22.25.45:880][  0]LogConfig: Setting CVar [[r.Shadow.PreShadowResolutionFactor:1.0]]
[2019.05.08-22.25.45:880][  0]LogConfig: Setting CVar [[r.DistanceFieldShadowing:1]]
[2019.05.08-22.25.45:880][  0]LogConfig: Setting CVar [[r.DistanceFieldAO:1]]
[2019.05.08-22.25.45:880][  0]LogConfig: Setting CVar [[r.AOQuality:2]]
[2019.05.08-22.25.45:880][  0]LogConfig: Setting CVar [[r.VolumetricFog:1]]
[2019.05.08-22.25.45:880][  0]LogConfig: Setting CVar [[r.VolumetricFog.GridPixelSize:8]]
[2019.05.08-22.25.45:880][  0]LogConfig: Setting CVar [[r.VolumetricFog.GridSizeZ:128]]
[2019.05.08-22.25.45:880][  0]LogConfig: Setting CVar [[r.VolumetricFog.HistoryMissSupersampleCount:4]]
[2019.05.08-22.25.45:880][  0]LogConfig: Setting CVar [[r.LightMaxDrawDistanceScale:1]]
[2019.05.08-22.25.45:880][  0]LogConfig: Setting CVar [[r.CapsuleShadows:1]]
[2019.05.08-22.25.45:880][  0]LogConfig: Applying CVar settings from Section [PostProcessQuality@3] File [D:/GitHub/UE4ProjectNew/NewProject/Saved/Config/Windows/Scalability.ini]
[2019.05.08-22.25.45:880][  0]LogConfig: Setting CVar [[r.MotionBlurQuality:4]]
[2019.05.08-22.25.45:880][  0]LogConfig: Setting CVar [[r.AmbientOcclusionMipLevelFactor:0.4]]
[2019.05.08-22.25.45:880][  0]LogConfig: Setting CVar [[r.AmbientOcclusionMaxQuality:100]]
[2019.05.08-22.25.45:880][  0]LogConfig: Setting CVar [[r.AmbientOcclusionLevels:-1]]
[2019.05.08-22.25.45:880][  0]LogConfig: Setting CVar [[r.AmbientOcclusionRadiusScale:1.0]]
[2019.05.08-22.25.45:880][  0]LogConfig: Setting CVar [[r.DepthOfFieldQuality:2]]
[2019.05.08-22.25.45:880][  0]LogConfig: Setting CVar [[r.RenderTargetPoolMin:400]]
[2019.05.08-22.25.45:880][  0]LogConfig: Setting CVar [[r.LensFlareQuality:2]]
[2019.05.08-22.25.45:880][  0]LogConfig: Setting CVar [[r.SceneColorFringeQuality:1]]
[2019.05.08-22.25.45:880][  0]LogConfig: Setting CVar [[r.EyeAdaptationQuality:2]]
[2019.05.08-22.25.45:880][  0]LogConfig: Setting CVar [[r.BloomQuality:5]]
[2019.05.08-22.25.45:880][  0]LogConfig: Setting CVar [[r.FastBlurThreshold:100]]
[2019.05.08-22.25.45:880][  0]LogConfig: Setting CVar [[r.Upscale.Quality:3]]
[2019.05.08-22.25.45:880][  0]LogConfig: Setting CVar [[r.Tonemapper.GrainQuantization:1]]
[2019.05.08-22.25.45:880][  0]LogConfig: Setting CVar [[r.LightShaftQuality:1]]
[2019.05.08-22.25.45:880][  0]LogConfig: Setting CVar [[r.Filter.SizeScale:1]]
[2019.05.08-22.25.45:880][  0]LogConfig: Setting CVar [[r.Tonemapper.Quality:5]]
[2019.05.08-22.25.45:880][  0]LogConfig: Setting CVar [[r.DOF.Gather.AccumulatorQuality:1        ; higher gathering accumulator quality]]
[2019.05.08-22.25.45:880][  0]LogConfig: Setting CVar [[r.DOF.Gather.PostfilterMethod:1          ; Median3x3 postfilering method]]
[2019.05.08-22.25.45:880][  0]LogConfig: Setting CVar [[r.DOF.Gather.EnableBokehSettings:0       ; no bokeh simulation when gathering]]
[2019.05.08-22.25.45:880][  0]LogConfig: Setting CVar [[r.DOF.Gather.RingCount:4                 ; medium number of samples when gathering]]
[2019.05.08-22.25.45:880][  0]LogConfig: Setting CVar [[r.DOF.Scatter.ForegroundCompositing:1    ; additive foreground scattering]]
[2019.05.08-22.25.45:880][  0]LogConfig: Setting CVar [[r.DOF.Scatter.BackgroundCompositing:2    ; additive background scattering]]
[2019.05.08-22.25.45:880][  0]LogConfig: Setting CVar [[r.DOF.Scatter.EnableBokehSettings:1      ; bokeh simulation when scattering]]
[2019.05.08-22.25.45:880][  0]LogConfig: Setting CVar [[r.DOF.Scatter.MaxSpriteRatio:0.1         ; only a maximum of 10% of scattered bokeh]]
[2019.05.08-22.25.45:880][  0]LogConfig: Setting CVar [[r.DOF.Recombine.Quality:1                ; cheap slight out of focus]]
[2019.05.08-22.25.45:880][  0]LogConfig: Setting CVar [[r.DOF.Recombine.EnableBokehSettings:0    ; no bokeh simulation on slight out of focus]]
[2019.05.08-22.25.45:880][  0]LogConfig: Setting CVar [[r.DOF.TemporalAAQuality:1                ; more stable temporal accumulation]]
[2019.05.08-22.25.45:880][  0]LogConfig: Setting CVar [[r.DOF.Kernel.MaxForegroundRadius:0.025]]
[2019.05.08-22.25.45:880][  0]LogConfig: Setting CVar [[r.DOF.Kernel.MaxBackgroundRadius:0.025]]
[2019.05.08-22.25.45:880][  0]LogConfig: Applying CVar settings from Section [TextureQuality@3] File [D:/GitHub/UE4ProjectNew/NewProject/Saved/Config/Windows/Scalability.ini]
[2019.05.08-22.25.45:880][  0]LogConfig: Setting CVar [[r.Streaming.MipBias:0]]
[2019.05.08-22.25.45:880][  0]LogConfig: Setting CVar [[r.Streaming.AmortizeCPUToGPUCopy:0]]
[2019.05.08-22.25.45:880][  0]LogConfig: Setting CVar [[r.Streaming.MaxNumTexturesToStreamPerFrame:0]]
[2019.05.08-22.25.45:880][  0]LogConfig: Setting CVar [[r.Streaming.Boost:1]]
[2019.05.08-22.25.45:880][  0]LogConfig: Setting CVar [[r.MaxAnisotropy:8]]
[2019.05.08-22.25.45:880][  0]LogConfig: Setting CVar [[r.Streaming.LimitPoolSizeToVRAM:0]]
[2019.05.08-22.25.45:880][  0]LogConfig: Setting CVar [[r.Streaming.PoolSize:1000]]
[2019.05.08-22.25.45:880][  0]LogConfig: Setting CVar [[r.Streaming.MaxEffectiveScreenSize:0]]
[2019.05.08-22.25.45:880][  0]LogConfig: Applying CVar settings from Section [EffectsQuality@3] File [D:/GitHub/UE4ProjectNew/NewProject/Saved/Config/Windows/Scalability.ini]
[2019.05.08-22.25.45:880][  0]LogConfig: Setting CVar [[r.TranslucencyLightingVolumeDim:64]]
[2019.05.08-22.25.45:880][  0]LogConfig: Setting CVar [[r.RefractionQuality:2]]
[2019.05.08-22.25.45:880][  0]LogConfig: Setting CVar [[r.SSR.Quality:3]]
[2019.05.08-22.25.45:880][  0]LogConfig: Setting CVar [[r.SceneColorFormat:4]]
[2019.05.08-22.25.45:880][  0]LogConfig: Setting CVar [[r.DetailMode:2]]
[2019.05.08-22.25.45:880][  0]LogConfig: Setting CVar [[r.TranslucencyVolumeBlur:1]]
[2019.05.08-22.25.45:880][  0]LogConfig: Setting CVar [[r.MaterialQualityLevel:1 ; High quality]]
[2019.05.08-22.25.45:880][  0]LogConfig: Setting CVar [[r.SSS.Scale:1]]
[2019.05.08-22.25.45:880][  0]LogConfig: Setting CVar [[r.SSS.SampleSet:2]]
[2019.05.08-22.25.45:880][  0]LogConfig: Setting CVar [[r.SSS.Quality:1]]
[2019.05.08-22.25.45:880][  0]LogConfig: Setting CVar [[r.SSS.HalfRes:1]]
[2019.05.08-22.25.45:880][  0]LogConfig: Setting CVar [[r.EmitterSpawnRateScale:1.0]]
[2019.05.08-22.25.45:881][  0]LogConfig: Setting CVar [[r.ParticleLightQuality:2]]
[2019.05.08-22.25.45:881][  0]LogConfig: Applying CVar settings from Section [FoliageQuality@3] File [D:/GitHub/UE4ProjectNew/NewProject/Saved/Config/Windows/Scalability.ini]
[2019.05.08-22.25.45:881][  0]LogConfig: Setting CVar [[foliage.DensityScale:1.0]]
[2019.05.08-22.25.45:881][  0]LogConfig: Setting CVar [[grass.DensityScale:1.0]]
[2019.05.08-22.25.45:881][  0]LogConfig: Applying CVar settings from Section [Startup] File [../../../Engine/Config/ConsoleVariables.ini]
[2019.05.08-22.25.45:881][  0]LogConfig: Setting CVar [[net.UseAdaptiveNetUpdateFrequency:0]]
[2019.05.08-22.25.45:881][  0]LogConfig: Setting CVar [[p.chaos.AllowCreatePhysxBodies:1]]
[2019.05.08-22.25.45:881][  0]LogConfig: Applying CVar settings from Section [ConsoleVariables] File [D:/GitHub/UE4ProjectNew/NewProject/Saved/Config/Windows/Engine.ini]
[2019.05.08-22.25.45:881][  0]LogInit: Computer: PC-MATTHIAS
[2019.05.08-22.25.45:881][  0]LogInit: User: mhage
[2019.05.08-22.25.45:881][  0]LogInit: CPU Page size=4096, Cores=8
[2019.05.08-22.25.45:881][  0]LogInit: High frequency timer resolution =10.000000 MHz
[2019.05.08-22.25.45:881][  0]LogMemory: Memory total: Physical=15.9GB (16GB approx)
[2019.05.08-22.25.45:881][  0]LogMemory: Platform Memory Stats for Windows
[2019.05.08-22.25.45:881][  0]LogMemory: Process Physical Memory: 98.57 MB used, 98.57 MB peak
[2019.05.08-22.25.45:881][  0]LogMemory: Process Virtual Memory: 94.39 MB used, 94.39 MB peak
[2019.05.08-22.25.45:881][  0]LogMemory: Physical Memory: 5797.95 MB used,  10529.93 MB free, 16327.88 MB total
[2019.05.08-22.25.45:881][  0]LogMemory: Virtual Memory: 4694.81 MB used,  134213032.00 MB free, 134217728.00 MB total
[2019.05.08-22.25.45:909][  0]LogInit: Using OS detected language (de-DE).
[2019.05.08-22.25.45:909][  0]LogInit: Using OS detected locale (de-DE).
[2019.05.08-22.25.45:910][  0]LogTextLocalizationManager: No specific localization for 'de-DE' exists, so the 'de' localization will be used.
[2019.05.08-22.25.45:910][  0]LogTextLocalizationResource: LocRes '../../../Engine/Content/Localization/Editor/de/Editor.locres' could not be opened for reading!
[2019.05.08-22.25.45:910][  0]LogTextLocalizationResource: LocRes '../../../Engine/Content/Localization/EditorTutorials/de/EditorTutorials.locres' could not be opened for reading!
[2019.05.08-22.25.45:911][  0]LogTextLocalizationResource: LocRes '../../../Engine/Content/Localization/Keywords/de/Keywords.locres' could not be opened for reading!
[2019.05.08-22.25.45:911][  0]LogTextLocalizationResource: LocRes '../../../Engine/Content/Localization/Category/de/Category.locres' could not be opened for reading!
[2019.05.08-22.25.45:911][  0]LogTextLocalizationResource: LocRes '../../../Engine/Content/Localization/ToolTips/de/ToolTips.locres' could not be opened for reading!
[2019.05.08-22.25.45:911][  0]LogTextLocalizationResource: LocRes '../../../Engine/Content/Localization/PropertyNames/de/PropertyNames.locres' could not be opened for reading!
[2019.05.08-22.25.45:911][  0]LogTextLocalizationResource: LocRes '../../../Engine/Content/Localization/Engine/de/Engine.locres' could not be opened for reading!
[2019.05.08-22.25.45:914][  0]LogInit: Setting process to per monitor DPI aware
[2019.05.08-22.25.45:940][  0]LogSlate: New Slate User Created.  User Index 0, Is Virtual User: 0
[2019.05.08-22.25.45:940][  0]LogSlate: Slate User Registered.  User Index 0, Is Virtual User: 0
[2019.05.08-22.25.46:199][  0]LogHMD: Failed to initialize OpenVR with code 101
[2019.05.08-22.25.46:199][  0]LogD3D11RHI: D3D11 adapters:
[2019.05.08-22.25.46:291][  0]LogD3D11RHI:    0. 'NVIDIA GeForce RTX 2060' (Feature Level 11_0)
[2019.05.08-22.25.46:291][  0]LogD3D11RHI:       5980/0/8163 MB DedicatedVideo/DedicatedSystem/SharedSystem, Outputs:2, VendorId:0x10de
[2019.05.08-22.25.46:294][  0]LogD3D11RHI:    1. 'Microsoft Basic Render Driver' (Feature Level 11_0)
[2019.05.08-22.25.46:294][  0]LogD3D11RHI:       0/0/8163 MB DedicatedVideo/DedicatedSystem/SharedSystem, Outputs:0, VendorId:0x1414
[2019.05.08-22.25.46:294][  0]LogD3D11RHI: Chosen D3D11 Adapter: 0
[2019.05.08-22.25.46:301][  0]LogD3D11RHI: Creating new Direct3DDevice
[2019.05.08-22.25.46:301][  0]LogD3D11RHI:     GPU DeviceId: 0x1f08 (for the marketing name, search the web for "GPU Device Id")
[2019.05.08-22.25.46:301][  0]LogWindows: EnumDisplayDevices:
[2019.05.08-22.25.46:301][  0]LogWindows:    0. 'NVIDIA GeForce RTX 2060' (P:1 D:1)
[2019.05.08-22.25.46:301][  0]LogWindows:    1. 'NVIDIA GeForce RTX 2060' (P:0 D:1)
[2019.05.08-22.25.46:301][  0]LogWindows:    2. 'NVIDIA GeForce RTX 2060' (P:0 D:0)
[2019.05.08-22.25.46:301][  0]LogWindows:    3. 'NVIDIA GeForce RTX 2060' (P:0 D:0)
[2019.05.08-22.25.46:302][  0]LogWindows: DebugString: FoundDriverCount:4 
[2019.05.08-22.25.46:302][  0]LogD3D11RHI:     Adapter Name: NVIDIA GeForce RTX 2060
[2019.05.08-22.25.46:302][  0]LogD3D11RHI:   Driver Version: 430.39 (internal:26.21.14.3039, unified:430.39)
[2019.05.08-22.25.46:302][  0]LogD3D11RHI:      Driver Date: 4-17-2019
[2019.05.08-22.25.46:302][  0]LogRHI: Texture pool is 4186 MB (70% of 5980 MB)
[2019.05.08-22.25.46:357][  0]LogD3D11RHI: Async texture creation enabled
[2019.05.08-22.25.46:370][  0]LogRendererCore: FGlobalReadBuffer::InitRHI
[2019.05.08-22.25.46:371][  0]LogRendererCore: FGlobalReadBuffer::InitRHI
[2019.05.08-22.25.46:371][  0]LogRendererCore: FGlobalReadBuffer::InitRHI
[2019.05.08-22.25.46:378][  0]LogD3D11RHI: GPU Timing Frequency: 1000.000000 (Debug: 2 1)
[2019.05.08-22.25.46:779][  0]LogTemp: Display: Module 'AllDesktopTargetPlatform' loaded TargetPlatform 'AllDesktop'
[2019.05.08-22.25.46:796][  0]LogTemp: Display: Module 'MacClientTargetPlatform' loaded TargetPlatform 'MacClient'
[2019.05.08-22.25.46:813][  0]LogTemp: Display: Module 'MacNoEditorTargetPlatform' loaded TargetPlatform 'MacNoEditor'
[2019.05.08-22.25.46:830][  0]LogTemp: Display: Module 'MacServerTargetPlatform' loaded TargetPlatform 'MacServer'
[2019.05.08-22.25.46:848][  0]LogTemp: Display: Module 'MacTargetPlatform' loaded TargetPlatform 'Mac'
[2019.05.08-22.25.46:864][  0]LogTemp: Display: Module 'WindowsClientTargetPlatform' loaded TargetPlatform 'WindowsClient'
[2019.05.08-22.25.46:882][  0]LogTemp: Display: Module 'WindowsNoEditorTargetPlatform' loaded TargetPlatform 'WindowsNoEditor'
[2019.05.08-22.25.46:899][  0]LogTemp: Display: Module 'WindowsServerTargetPlatform' loaded TargetPlatform 'WindowsServer'
[2019.05.08-22.25.46:907][  0]LogTemp: Display: Module 'WindowsTargetPlatform' loaded TargetPlatform 'Windows'
[2019.05.08-22.25.47:012][  0]LogTemp: Display: Module 'AndroidTargetPlatform' loaded TargetPlatform 'Android'
[2019.05.08-22.25.47:012][  0]LogTemp: Display: Module 'AndroidTargetPlatform' loaded TargetPlatform 'Android_ASTC'
[2019.05.08-22.25.47:012][  0]LogTemp: Display: Module 'AndroidTargetPlatform' loaded TargetPlatform 'Android_ATC'
[2019.05.08-22.25.47:012][  0]LogTemp: Display: Module 'AndroidTargetPlatform' loaded TargetPlatform 'Android_DXT'
[2019.05.08-22.25.47:012][  0]LogTemp: Display: Module 'AndroidTargetPlatform' loaded TargetPlatform 'Android_ETC1'
[2019.05.08-22.25.47:012][  0]LogTemp: Display: Module 'AndroidTargetPlatform' loaded TargetPlatform 'Android_ETC1a'
[2019.05.08-22.25.47:012][  0]LogTemp: Display: Module 'AndroidTargetPlatform' loaded TargetPlatform 'Android_ETC2'
[2019.05.08-22.25.47:012][  0]LogTemp: Display: Module 'AndroidTargetPlatform' loaded TargetPlatform 'Android_PVRTC'
[2019.05.08-22.25.47:012][  0]LogTemp: Display: Module 'AndroidTargetPlatform' loaded TargetPlatform 'AndroidClient'
[2019.05.08-22.25.47:012][  0]LogTemp: Display: Module 'AndroidTargetPlatform' loaded TargetPlatform 'Android_ASTCClient'
[2019.05.08-22.25.47:012][  0]LogTemp: Display: Module 'AndroidTargetPlatform' loaded TargetPlatform 'Android_ATCClient'
[2019.05.08-22.25.47:012][  0]LogTemp: Display: Module 'AndroidTargetPlatform' loaded TargetPlatform 'Android_DXTClient'
[2019.05.08-22.25.47:012][  0]LogTemp: Display: Module 'AndroidTargetPlatform' loaded TargetPlatform 'Android_ETC1Client'
[2019.05.08-22.25.47:012][  0]LogTemp: Display: Module 'AndroidTargetPlatform' loaded TargetPlatform 'Android_ETC1aClient'
[2019.05.08-22.25.47:012][  0]LogTemp: Display: Module 'AndroidTargetPlatform' loaded TargetPlatform 'Android_ETC2Client'
[2019.05.08-22.25.47:012][  0]LogTemp: Display: Module 'AndroidTargetPlatform' loaded TargetPlatform 'Android_PVRTCClient'
[2019.05.08-22.25.47:012][  0]LogTemp: Display: Module 'AndroidTargetPlatform' loaded TargetPlatform 'Android_Multi'
[2019.05.08-22.25.47:012][  0]LogTemp: Display: Module 'AndroidTargetPlatform' loaded TargetPlatform 'Android_MultiClient'
[2019.05.08-22.25.47:014][  0]LogTemp: Display: Module 'HTML5TargetPlatform' loaded TargetPlatform 'HTML5'
[2019.05.08-22.25.47:072][  0]LogTemp: Display: Module 'IOSTargetPlatform' loaded TargetPlatform 'IOSClient'
[2019.05.08-22.25.47:072][  0]LogTemp: Display: Module 'IOSTargetPlatform' loaded TargetPlatform 'IOS'
[2019.05.08-22.25.47:103][  0]LogTemp: Display: Module 'TVOSTargetPlatform' loaded TargetPlatform 'TVOSClient'
[2019.05.08-22.25.47:103][  0]LogTemp: Display: Module 'TVOSTargetPlatform' loaded TargetPlatform 'TVOS'
[2019.05.08-22.25.47:119][  0]LogTemp: Display: Module 'LinuxClientTargetPlatform' loaded TargetPlatform 'LinuxClient'
[2019.05.08-22.25.47:135][  0]LogTemp: Display: Module 'LinuxNoEditorTargetPlatform' loaded TargetPlatform 'LinuxNoEditor'
[2019.05.08-22.25.47:150][  0]LogTemp: Display: Module 'LinuxServerTargetPlatform' loaded TargetPlatform 'LinuxServer'
[2019.05.08-22.25.47:167][  0]LogTemp: Display: Module 'LinuxTargetPlatform' loaded TargetPlatform 'Linux'
[2019.05.08-22.25.47:223][  0]LogTemp: Display: Module 'LuminTargetPlatform' loaded TargetPlatform 'Lumin'
[2019.05.08-22.25.47:223][  0]LogTemp: Display: Module 'LuminTargetPlatform' loaded TargetPlatform 'LuminClient'
[2019.05.08-22.25.47:223][  0]LogTargetPlatformManager: Display: Building Assets For Windows
[2019.05.08-22.25.47:233][  0]LogAudioDebug: Display: Lib vorbis DLL was dynamically loaded.
[2019.05.08-22.25.47:296][  0]LogShaderCompilers: Guid format shader working directory is 0 characters bigger than the processId version (../../../../../GitHub/UE4ProjectNew/NewProject/Intermediate/Shaders/WorkingDirectory/1240/).
[2019.05.08-22.25.47:296][  0]LogShaderCompilers: Cleaned the shader compiler working directory 'C:/Users/mhage/AppData/Local/Temp/UnrealShaderWorkingDir/668BFDB94B55032DB08590B4154293A4/'.
[2019.05.08-22.25.47:298][  0]LogXGEController: Cleaning working directory: C:/Users/mhage/AppData/Local/Temp/UnrealXGEWorkingDir/
[2019.05.08-22.25.47:299][  0]LogXGEController: Cannot use XGE Controller as Incredibuild is not installed on this machine.
[2019.05.08-22.25.47:299][  0]LogShaderCompilers: Cannot use XGE Shader Compiler as Incredibuild is not installed on this machine.
[2019.05.08-22.25.47:299][  0]LogShaderCompilers: Display: Using Local Shader Compiler.
[2019.05.08-22.25.47:889][  0]LogDerivedDataCache: Display: Max Cache Size: 512 MB
[2019.05.08-22.25.47:931][  0]LogDerivedDataCache: Loaded boot cache 0.04s 71MB C:/Users/mhage/AppData/Local/UnrealEngine/4.22/DerivedDataCache/Boot.ddc.
[2019.05.08-22.25.47:931][  0]LogDerivedDataCache: Display: Loaded Boot cache: C:/Users/mhage/AppData/Local/UnrealEngine/4.22/DerivedDataCache/Boot.ddc
[2019.05.08-22.25.47:931][  0]LogDerivedDataCache: FDerivedDataBackendGraph:  Pak pak cache file ../../../../../GitHub/UE4ProjectNew/NewProject/DerivedDataCache/DDC.ddp not found, will not use a pak cache.
[2019.05.08-22.25.47:931][  0]LogDerivedDataCache: Unable to find inner node Pak for hierarchical cache Hierarchy.
[2019.05.08-22.25.47:931][  0]LogDerivedDataCache: FDerivedDataBackendGraph:  CompressedPak pak cache file ../../../../../GitHub/UE4ProjectNew/NewProject/DerivedDataCache/Compressed.ddp not found, will not use a pak cache.
[2019.05.08-22.25.47:931][  0]LogDerivedDataCache: Unable to find inner node CompressedPak for hierarchical cache Hierarchy.
[2019.05.08-22.25.47:945][  0]LogDerivedDataCache: Display: Pak cache opened for reading ../../../Engine/DerivedDataCache/Compressed.ddp.
[2019.05.08-22.25.47:945][  0]LogDerivedDataCache: FDerivedDataBackendGraph:  EnterprisePak pak cache file ../../../Enterprise/DerivedDataCache/Compressed.ddp not found, will not use a pak cache.
[2019.05.08-22.25.47:945][  0]LogDerivedDataCache: Unable to find inner node EnterprisePak for hierarchical cache Hierarchy.
[2019.05.08-22.25.47:957][  0]LogDerivedDataCache: Using Local data cache path C:/Users/mhage/AppData/Local/UnrealEngine/Common/DerivedDataCache: Writable
[2019.05.08-22.25.47:957][  0]LogDerivedDataCache: Shared data cache path not found in *engine.ini, will not use an Shared cache.
[2019.05.08-22.25.47:957][  0]LogDerivedDataCache: Unable to find inner node Shared for hierarchical cache Hierarchy.
[2019.05.08-22.25.47:981][  0]LogMaterial: Verifying Global Shaders for PCD3D_SM5
[2019.05.08-22.25.47:982][  0]LogSlate: Using FreeType 2.6.0
[2019.05.08-22.25.47:983][  0]LogSlate: SlateFontServices - WITH_FREETYPE: 1, WITH_HARFBUZZ: 1
[2019.05.08-22.25.48:084][  0]LogAssetRegistry: FAssetRegistry took 0.0380 seconds to start up
[2019.05.08-22.25.48:483][  0]LogInit: Selected Device Profile: [Windows]
[2019.05.08-22.25.48:627][  0]LogMeshReduction: Using QuadricMeshReduction for automatic static mesh reduction
[2019.05.08-22.25.48:627][  0]LogMeshReduction: Using SimplygonMeshReduction for automatic skeletal mesh reduction
[2019.05.08-22.25.48:627][  0]LogMeshReduction: Using ProxyLODMeshReduction for automatic mesh merging
[2019.05.08-22.25.48:627][  0]LogMeshReduction: No distributed automatic mesh merging module available
[2019.05.08-22.25.48:627][  0]LogMeshMerging: No distributed automatic mesh merging module available
[2019.05.08-22.25.48:643][  0]LogNetVersion: NewProject 1.0.0, NetCL: 5660361, EngineNetVer: 10, GameNetVer: 0 (Checksum: 449338831)
[2019.05.08-22.25.49:071][  0]LogPackageLocalizationCache: Processed 10 localized package path(s) for 1 prioritized culture(s) in 0.040225 seconds
[2019.05.08-22.25.49:078][  0]LogUObjectArray: 42205 objects as part of root set at end of initial load.
[2019.05.08-22.25.49:078][  0]LogUObjectAllocator: 7325032 out of 0 bytes used by permanent object pool.
[2019.05.08-22.25.49:078][  0]LogUObjectArray: CloseDisregardForGC: 0/0 objects in disregard for GC pool
[2019.05.08-22.25.50:037][  0]LogTcpMessaging: Initializing TcpMessaging bridge
[2019.05.08-22.25.50:052][  0]LogUdpMessaging: Initializing bridge on interface 0.0.0.0:0 to multicast group 230.0.0.1:6666.
[2019.05.08-22.25.50:179][  0]SourceControl: Source control is disabled
[2019.05.08-22.25.50:878][  0]LogAndroidPermission: UAndroidPermissionCallbackProxy::GetInstance
[2019.05.08-22.25.51:019][  0]LogOcInput: OculusInput pre-init called
[2019.05.08-22.25.51:811][  0]LogEngine: Initializing Engine...
[2019.05.08-22.25.51:812][  0]LogHMD: Failed to initialize OpenVR with code 101
[2019.05.08-22.25.51:814][  0]LogStats: UGameplayTagsManager::InitializeManager -  0.000 s
[2019.05.08-22.25.52:028][  0]LogInit: Initializing FReadOnlyCVARCache
[2019.05.08-22.25.52:043][  0]LogAIModule: Creating AISystem for world Untitled
[2019.05.08-22.25.52:073][  0]LogInit: XAudio2 using 'Lautsprecher (VB-Audio VoiceMeeter AUX VAIO)' : 2 channels at 48 kHz using 24 bits per sample (channel mask 0x3)
[2019.05.08-22.25.52:087][  0]LogInit: FAudioDevice initialized.
[2019.05.08-22.25.52:087][  0]LogNetVersion: Set ProjectVersion to 1.0.0.0. Version Checksum will be recalculated on next use.
[2019.05.08-22.25.52:206][  0]LogDerivedDataCache: Saved boot cache 0.12s 71MB C:/Users/mhage/AppData/Local/UnrealEngine/4.22/DerivedDataCache/Boot.ddc.
[2019.05.08-22.25.52:217][  0]LogInit: Texture streaming: Enabled
[2019.05.08-22.25.52:234][  0]LogEngineSessionManager: EngineSessionManager initialized
[2019.05.08-22.25.52:254][  0]LogInit: Transaction tracking system initialized
[2019.05.08-22.25.52:279][  0]BlueprintLog: New page: Editor Load
[2019.05.08-22.25.52:364][  0]LocalizationService: Localization service is disabled
[2019.05.08-22.25.53:005][  0]LogFileCache: Scanning file cache for directory 'D:/GitHub/UE4ProjectNew/NewProject/Content/' took 0.03s
[2019.05.08-22.25.53:005][  0]LogCook: Display: Max memory allowance for cook 16384mb min free memory 0mb
[2019.05.08-22.25.53:005][  0]LogCook: Display: Mobile HDR setting 1
[2019.05.08-22.25.53:206][  0]Cmd: MAP LOAD FILE="../../../../../GitHub/UE4ProjectNew/NewProject/Content/FirstPersonBP/Maps/FirstPersonExampleMap.umap" TEMPLATE=0 SHOWPROGRESS=1 FEATURELEVEL=3
[2019.05.08-22.25.53:206][  0]LightingResults: New page: Lighting Build
[2019.05.08-22.25.53:209][  0]MapCheck: New page: Map Check
[2019.05.08-22.25.53:209][  0]LightingResults: New page: Lighting Build
[2019.05.08-22.25.53:247][  0]LogUObjectHash: Compacting FUObjectHashTables data took   1.67ms
[2019.05.08-22.25.53:407][  0]LogAIModule: Creating AISystem for world FirstPersonExampleMap
[2019.05.08-22.25.53:414][  0]LogEditorServer: Finished looking for orphan Actors (0.000 secs)
[2019.05.08-22.25.53:452][  0]LogUObjectHash: Compacting FUObjectHashTables data took   2.16ms
[2019.05.08-22.25.53:452][  0]Cmd: MAP CHECKDEP NOCLEARLOG
[2019.05.08-22.25.53:452][  0]MapCheck: Map check complete: 0 Error(s), 0 Warning(s), took 0,276ms to complete.
[2019.05.08-22.25.53:452][  0]LogFileHelpers: Loading map 'FirstPersonExampleMap' took 0.247
[2019.05.08-22.25.53:560][  0]LogSlate: Updating window title bar state: overlay mode, drag disabled, window buttons hidden, title bar hidden
[2019.05.08-22.25.53:571][  0]LogSlate: Updating window title bar state: overlay mode, drag disabled, window buttons hidden, title bar hidden
[2019.05.08-22.25.53:579][  0]LogSlate: Updating window title bar state: overlay mode, drag disabled, window buttons hidden, title bar hidden
[2019.05.08-22.25.53:586][  0]LogSlate: Updating window title bar state: overlay mode, drag disabled, window buttons hidden, title bar hidden
[2019.05.08-22.25.53:665][  0]LogCollectionManager: Loaded 0 collections in 0.001342 seconds
[2019.05.08-22.25.53:704][  0]LogFileCache: Scanning file cache for directory 'D:/GitHub/UE4ProjectNew/NewProject/Saved/Collections/' took 0.01s
[2019.05.08-22.25.53:704][  0]LogFileCache: Scanning file cache for directory 'D:/GitHub/UE4ProjectNew/NewProject/Content/Developers/mhage/Collections/' took 0.01s
[2019.05.08-22.25.53:704][  0]LogFileCache: Scanning file cache for directory 'D:/GitHub/UE4ProjectNew/NewProject/Content/Collections/' took 0.01s
[2019.05.08-22.25.53:704][  0]LogCollectionManager: Rebuilt the GUID cache for 0 collections in 0.000000 seconds
[2019.05.08-22.25.53:714][  0]LogContentBrowser: Native class hierarchy populated in 0.0107 seconds. Added 2733 classes and 661 folders.
[2019.05.08-22.25.53:722][  0]LogContentBrowser: Native class hierarchy updated for 'WidgetCarousel' in 0.0003 seconds. Added 0 classes and 0 folders.
[2019.05.08-22.25.53:725][  0]LogPakFile: Registered encryption key '00000000000000000000000000000000': 0 pak files mounted, 0 remain pending
[2019.05.08-22.25.53:725][  0]LogPakFile: Registered encryption key '00000000000000000000000000000000': 0 pak files mounted, 0 remain pending
[2019.05.08-22.25.53:726][  0]LogPakFile: Registered encryption key '00000000000000000000000000000000': 0 pak files mounted, 0 remain pending
[2019.05.08-22.25.53:726][  0]LogPakFile: Registered encryption key '00000000000000000000000000000000': 0 pak files mounted, 0 remain pending
[2019.05.08-22.25.53:727][  0]LogPakFile: Registered encryption key '00000000000000000000000000000000': 0 pak files mounted, 0 remain pending
[2019.05.08-22.25.53:727][  0]LogPakFile: Registered encryption key '00000000000000000000000000000000': 0 pak files mounted, 0 remain pending
[2019.05.08-22.25.53:728][  0]LogPakFile: Registered encryption key '00000000000000000000000000000000': 0 pak files mounted, 0 remain pending
[2019.05.08-22.25.53:729][  0]LogPakFile: Registered encryption key '00000000000000000000000000000000': 0 pak files mounted, 0 remain pending
[2019.05.08-22.25.53:729][  0]LogPakFile: Registered encryption key '00000000000000000000000000000000': 0 pak files mounted, 0 remain pending
[2019.05.08-22.25.53:730][  0]LogPakFile: Registered encryption key '00000000000000000000000000000000': 0 pak files mounted, 0 remain pending
[2019.05.08-22.25.53:731][  0]LogPakFile: Registered encryption key '00000000000000000000000000000000': 0 pak files mounted, 0 remain pending
[2019.05.08-22.25.53:731][  0]LogPakFile: Registered encryption key '00000000000000000000000000000000': 0 pak files mounted, 0 remain pending
[2019.05.08-22.25.53:732][  0]LogPakFile: Registered encryption key '00000000000000000000000000000000': 0 pak files mounted, 0 remain pending
[2019.05.08-22.25.53:733][  0]LogPakFile: Registered encryption key '00000000000000000000000000000000': 0 pak files mounted, 0 remain pending
[2019.05.08-22.25.53:733][  0]LogPakFile: Registered encryption key '00000000000000000000000000000000': 0 pak files mounted, 0 remain pending
[2019.05.08-22.25.53:734][  0]LogPakFile: Registered encryption key '00000000000000000000000000000000': 0 pak files mounted, 0 remain pending
[2019.05.08-22.25.53:735][  0]LogPakFile: Registered encryption key '00000000000000000000000000000000': 0 pak files mounted, 0 remain pending
[2019.05.08-22.25.53:735][  0]LogPakFile: Registered encryption key '00000000000000000000000000000000': 0 pak files mounted, 0 remain pending
[2019.05.08-22.25.53:736][  0]LogPakFile: Registered encryption key '00000000000000000000000000000000': 0 pak files mounted, 0 remain pending
[2019.05.08-22.25.53:737][  0]LogPakFile: Registered encryption key '00000000000000000000000000000000': 0 pak files mounted, 0 remain pending
[2019.05.08-22.25.53:737][  0]LogPakFile: Registered encryption key '00000000000000000000000000000000': 0 pak files mounted, 0 remain pending
[2019.05.08-22.25.53:739][  0]LogPakFile: Registered encryption key '00000000000000000000000000000000': 0 pak files mounted, 0 remain pending
[2019.05.08-22.25.53:739][  0]LogPakFile: Registered encryption key '00000000000000000000000000000000': 0 pak files mounted, 0 remain pending
[2019.05.08-22.25.53:740][  0]LogPakFile: Registered encryption key '00000000000000000000000000000000': 0 pak files mounted, 0 remain pending
[2019.05.08-22.25.53:741][  0]LogPakFile: Registered encryption key '00000000000000000000000000000000': 0 pak files mounted, 0 remain pending
[2019.05.08-22.25.53:741][  0]LogPakFile: Registered encryption key '00000000000000000000000000000000': 0 pak files mounted, 0 remain pending
[2019.05.08-22.25.53:789][  0]LogContentBrowser: Native class hierarchy updated for 'AddContentDialog' in 0.0003 seconds. Added 0 classes and 0 folders.
[2019.05.08-22.25.53:796][  0]LogSlate: Took 0.000190 seconds to synchronously load lazily loaded font '../../../Engine/Content/Slate/Fonts/Roboto-Regular.ttf' (155K)
[2019.05.08-22.25.53:798][  0]LogSlate: Took 0.000173 seconds to synchronously load lazily loaded font '../../../Engine/Content/Slate/Fonts/Roboto-Bold.ttf' (160K)
[2019.05.08-22.25.53:804][  0]LogSlate: Took 0.000256 seconds to synchronously load lazily loaded font '../../../Engine/Content/Editor/Slate/Fonts/FontAwesome.ttf' (139K)
[2019.05.08-22.25.53:873][  0]LogRenderer: Reallocating scene render targets to support 1132x612 Format 10 NumSamples 1 (Frame:1).
[2019.05.08-22.25.53:983][  0]LogContentBrowser: Native class hierarchy updated for 'HierarchicalLODOutliner' in 0.0004 seconds. Added 0 classes and 0 folders.
[2019.05.08-22.25.53:983][  0]LogLoad: (Engine Initialization) Total time: 10.91 seconds
[2019.05.08-22.25.53:983][  0]LogLoad: (Engine Initialization) Total Blueprint compile time: 0.00 seconds
[2019.05.08-22.25.54:027][  0]LogAssetRegistry: Asset discovery search completed in 5.9657 seconds
[2019.05.08-22.25.54:029][  0]LogCollectionManager: Rebuilt the object cache for 0 collections in 0.000000 seconds (found 0 objects)
[2019.05.08-22.25.54:029][  0]LogCollectionManager: Fixed up redirectors for 0 collections in 0.000075 seconds (updated 0 objects)
[2019.05.08-22.25.54:033][  0]LogContentStreaming: Texture pool size now 1000 MB
[2019.05.08-22.25.54:069][  0]LogSlate: Took 0.000300 seconds to synchronously load lazily loaded font '../../../Engine/Content/Slate/Fonts/Roboto-Light.ttf' (167K)
[2019.05.08-22.25.55:338][  4]LogSlate: Took 0.000232 seconds to synchronously load lazily loaded font '../../../Engine/Content/Slate/Fonts/Roboto-Light.ttf' (167K)
[2019.05.08-22.25.58:059][325]LogSlate: FSceneViewport::OnFocusLost() reason 0
[2019.05.08-22.25.58:187][334]LogAssetEditorManager: Opening Asset editor for Blueprint /Game/BluePrints/Ac_InteractableBox.Ac_InteractableBox
[2019.05.08-22.25.58:447][334]LogContentBrowser: Native class hierarchy updated for 'BlueprintGraph' in 0.0007 seconds. Added 121 classes and 0 folders.
[2019.05.08-22.25.59:312][334]LogSlate: Took 0.000230 seconds to synchronously load lazily loaded font '../../../Engine/Content/Slate/Fonts/Roboto-BoldCondensed.ttf' (158K)
[2019.05.08-22.25.59:363][335]LogSlate: Took 0.000231 seconds to synchronously load lazily loaded font '../../../Engine/Content/Slate/Fonts/Roboto-Italic.ttf' (157K)
[2019.05.08-22.26.01:465][580]LogTemp: Repeating last play command: Selected Viewport
[2019.05.08-22.26.01:477][580]LogBlueprintUserMessages: Early PlayInEditor Detection: Level '/Game/FirstPersonBP/Maps/FirstPersonExampleMap.FirstPersonExampleMap:PersistentLevel' has LevelScriptBlueprint '/Game/FirstPersonBP/Maps/FirstPersonExampleMap.FirstPersonExampleMap:PersistentLevel.FirstPersonExampleMap' with GeneratedClass '/Game/FirstPersonBP/Maps/FirstPersonExampleMap.FirstPersonExampleMap_C' with ClassGeneratedBy '/Game/FirstPersonBP/Maps/FirstPersonExampleMap.FirstPersonExampleMap:PersistentLevel.FirstPersonExampleMap'
[2019.05.08-22.26.01:477][580]LogPlayLevel: PlayLevel: No blueprints needed recompiling
[2019.05.08-22.26.01:478][580]PIE: New page: PIE session: FirstPersonExampleMap (09.05.2019 02:26:01)
[2019.05.08-22.26.01:491][580]LogPlayLevel: Creating play world package: /Game/FirstPersonBP/Maps/UEDPIE_0_FirstPersonExampleMap
[2019.05.08-22.26.01:507][580]LogPlayLevel: PIE: StaticDuplicateObject took: (0.015447s)
[2019.05.08-22.26.01:508][580]LogAIModule: Creating AISystem for world FirstPersonExampleMap
[2019.05.08-22.26.01:509][580]LogPlayLevel: PIE: World Init took: (0.002037s)
[2019.05.08-22.26.01:509][580]LogPlayLevel: PIE: Created PIE world by copying editor world from /Game/FirstPersonBP/Maps/FirstPersonExampleMap.FirstPersonExampleMap to /Game/FirstPersonBP/Maps/UEDPIE_0_FirstPersonExampleMap.FirstPersonExampleMap (0.018043s)
[2019.05.08-22.26.01:552][580]LogUObjectHash: Compacting FUObjectHashTables data took   3.29ms
[2019.05.08-22.26.01:578][580]LogInit: XAudio2 using 'Lautsprecher (VB-Audio VoiceMeeter AUX VAIO)' : 2 channels at 48 kHz using 24 bits per sample (channel mask 0x3)
[2019.05.08-22.26.01:585][580]LogInit: FAudioDevice initialized.
[2019.05.08-22.26.01:631][580]LogLoad: Game class is 'FirstPersonGameMode_C'
[2019.05.08-22.26.01:632][580]LogWorld: Bringing World /Game/FirstPersonBP/Maps/UEDPIE_0_FirstPersonExampleMap.FirstPersonExampleMap up for play (max tick rate 0) at 2019.05.09-00.26.01
[2019.05.08-22.26.01:633][580]LogWorld: Bringing up level for play took: 0.000835
[2019.05.08-22.26.01:647][580]LogBlueprintActionDatabase: Requesting refresh due to module change: Voice (loaded)
[2019.05.08-22.26.01:649][580]LogBlueprintActionDatabase: Requesting refresh due to module change: MovieSceneCapture (loaded)
[2019.05.08-22.26.01:650][580]LogContentBrowser: Native class hierarchy updated for 'MovieSceneCapture' in 0.0004 seconds. Added 20 classes and 0 folders.
[2019.05.08-22.26.01:651][580]PIE: Play in editor start time for /Game/FirstPersonBP/Maps/UEDPIE_0_FirstPersonExampleMap -0,378
[2019.05.08-22.26.01:651][580]LogBlueprintUserMessages: Late PlayInEditor Detection: Level '/Game/FirstPersonBP/Maps/FirstPersonExampleMap.FirstPersonExampleMap:PersistentLevel' has LevelScriptBlueprint '/Game/FirstPersonBP/Maps/FirstPersonExampleMap.FirstPersonExampleMap:PersistentLevel.FirstPersonExampleMap' with GeneratedClass '/Game/FirstPersonBP/Maps/FirstPersonExampleMap.FirstPersonExampleMap_C' with ClassGeneratedBy '/Game/FirstPersonBP/Maps/FirstPersonExampleMap.FirstPersonExampleMap:PersistentLevel.FirstPersonExampleMap'
[2019.05.08-22.26.03:325][743]LogTemp: IOS device listing is disabled (to many failed attempts)!
[2019.05.08-22.26.06:571][131]LogBlueprintUserMessages: Early EndPlayMap Detection: Level '/Game/FirstPersonBP/Maps/FirstPersonExampleMap.FirstPersonExampleMap:PersistentLevel' has LevelScriptBlueprint '/Game/FirstPersonBP/Maps/FirstPersonExampleMap.FirstPersonExampleMap:PersistentLevel.FirstPersonExampleMap' with GeneratedClass '/Game/FirstPersonBP/Maps/FirstPersonExampleMap.FirstPersonExampleMap_C' with ClassGeneratedBy '/Game/FirstPersonBP/Maps/FirstPersonExampleMap.FirstPersonExampleMap:PersistentLevel.FirstPersonExampleMap'
[2019.05.08-22.26.06:571][131]LogSlate: Updating window title bar state: overlay mode, drag disabled, window buttons hidden, title bar hidden
[2019.05.08-22.26.06:603][131]LogPlayLevel: Display: Shutting down PIE online subsystems
[2019.05.08-22.26.06:603][131]LogBlueprintUserMessages: Late EndPlayMap Detection: Level '/Game/FirstPersonBP/Maps/FirstPersonExampleMap.FirstPersonExampleMap:PersistentLevel' has LevelScriptBlueprint '/Game/FirstPersonBP/Maps/FirstPersonExampleMap.FirstPersonExampleMap:PersistentLevel.FirstPersonExampleMap' with GeneratedClass '/Game/FirstPersonBP/Maps/FirstPersonExampleMap.FirstPersonExampleMap_C' with ClassGeneratedBy '/Game/FirstPersonBP/Maps/FirstPersonExampleMap.FirstPersonExampleMap:PersistentLevel.FirstPersonExampleMap'
[2019.05.08-22.26.06:647][131]LogSlate: Updating window title bar state: overlay mode, drag disabled, window buttons hidden, title bar hidden
[2019.05.08-22.26.06:672][131]LogUObjectHash: Compacting FUObjectHashTables data took   5.50ms
[2019.05.08-22.26.06:691][132]LogPlayLevel: Display: Destroying online subsystem :Context_3
[2019.05.08-22.26.07:057][174]LogSlate: FSceneViewport::OnFocusLost() reason 2
[2019.05.08-22.26.10:325][554]LogSlate: FSceneViewport::OnFocusLost() reason 2
[2019.05.08-22.26.18:622][498]LogSlate: Window 'Source Control Login' being destroyed
[2019.05.08-22.26.21:669][853]LogSlate: FSceneViewport::OnFocusLost() reason 0
[2019.05.08-22.26.40:686][ 11]LogAssetEditorManager: Opening Asset editor for WidgetBlueprint /Game/FirstPersonBP/HUD/HUD_WIDGET.HUD_WIDGET
[2019.05.08-22.26.41:204][ 11]LogBlueprintActionDatabase: Requesting refresh due to module change: SequencerWidgets (loaded)
[2019.05.08-22.26.43:479][201]LogSlate: Window 'HUD_WIDGET' being destroyed
[2019.05.08-22.27.42:037][192]BlueprintLog: New page: Compile HUD_WIDGET
[2019.05.08-22.27.42:362][192]LogUObjectHash: Compacting FUObjectHashTables data took   6.74ms
[2019.05.08-22.27.42:837][229]Cmd: OBJ SAVEPACKAGE PACKAGE="/Game/FirstPersonBP/HUD/HUD_WIDGET" FILE="../../../../../GitHub/UE4ProjectNew/NewProject/Content/FirstPersonBP/HUD/HUD_WIDGET.uasset" SILENT=true
[2019.05.08-22.27.42:851][229]LogSavePackage: Moving '../../../../../GitHub/UE4ProjectNew/NewProject/Saved/HUD_WIDGETF24C1C7743BFBA4C314EA4BE5B29DEF7.tmp' to '../../../../../GitHub/UE4ProjectNew/NewProject/Content/FirstPersonBP/HUD/HUD_WIDGET.uasset'
[2019.05.08-22.27.43:961][325]LogUObjectHash: Compacting FUObjectHashTables data took   5.38ms
[2019.05.08-22.27.48:195][826]LogAssetEditorManager: Opening Asset editor for Blueprint /Game/FirstPersonBP/Blueprints/FirstPersonCharacter.FirstPersonCharacter
[2019.05.08-22.28.03:140][449]LogSelectionDetails: Warning: NavigateToFunctionSource:  Unable to find symbols for 'UUserWidget::AddToViewport' [Element nicht gefunden.]
[2019.05.08-22.28.12:367][555]BlueprintLog: New page: Compile FirstPersonCharacter
[2019.05.08-22.28.12:634][555]LogUObjectHash: Compacting FUObjectHashTables data took   4.07ms
[2019.05.08-22.28.13:046][591]LogUObjectHash: Compacting FUObjectHashTables data took   5.02ms
[2019.05.08-22.28.13:193][591]LogSavePackage: Moving '../../../../../GitHub/UE4ProjectNew/NewProject/Saved/FirstPersonCharacter9CE6FBA74133D43960C5ED8628FAB14F.tmp' to '../../../../../GitHub/UE4ProjectNew/NewProject/Content/FirstPersonBP/Blueprints/FirstPersonCharacter.uasset'
[2019.05.08-22.28.14:511][734]LogTemp: Repeating last play command: Selected Viewport
[2019.05.08-22.28.14:533][734]LogBlueprintUserMessages: Early PlayInEditor Detection: Level '/Game/FirstPersonBP/Maps/FirstPersonExampleMap.FirstPersonExampleMap:PersistentLevel' has LevelScriptBlueprint '/Game/FirstPersonBP/Maps/FirstPersonExampleMap.FirstPersonExampleMap:PersistentLevel.FirstPersonExampleMap' with GeneratedClass '/Game/FirstPersonBP/Maps/FirstPersonExampleMap.FirstPersonExampleMap_C' with ClassGeneratedBy '/Game/FirstPersonBP/Maps/FirstPersonExampleMap.FirstPersonExampleMap:PersistentLevel.FirstPersonExampleMap'
[2019.05.08-22.28.14:533][734]LogPlayLevel: PlayLevel: No blueprints needed recompiling
[2019.05.08-22.28.14:533][734]PIE: New page: PIE session: FirstPersonExampleMap (09.05.2019 02:28:14)
[2019.05.08-22.28.14:533][734]LogPlayLevel: Creating play world package: /Game/FirstPersonBP/Maps/UEDPIE_0_FirstPersonExampleMap
[2019.05.08-22.28.14:542][734]LogPlayLevel: PIE: StaticDuplicateObject took: (0.008474s)
[2019.05.08-22.28.14:542][734]LogAIModule: Creating AISystem for world FirstPersonExampleMap
[2019.05.08-22.28.14:542][734]LogPlayLevel: PIE: World Init took: (0.000582s)
[2019.05.08-22.28.14:542][734]LogPlayLevel: PIE: Created PIE world by copying editor world from /Game/FirstPersonBP/Maps/FirstPersonExampleMap.FirstPersonExampleMap to /Game/FirstPersonBP/Maps/UEDPIE_0_FirstPersonExampleMap.FirstPersonExampleMap (0.009200s)
[2019.05.08-22.28.14:584][734]LogUObjectHash: Compacting FUObjectHashTables data took   3.23ms
[2019.05.08-22.28.14:609][734]LogInit: XAudio2 using 'Lautsprecher (VB-Audio VoiceMeeter AUX VAIO)' : 2 channels at 48 kHz using 24 bits per sample (channel mask 0x3)
[2019.05.08-22.28.14:616][734]LogInit: FAudioDevice initialized.
[2019.05.08-22.28.14:648][734]LogLoad: Game class is 'FirstPersonGameMode_C'
[2019.05.08-22.28.14:649][734]LogWorld: Bringing World /Game/FirstPersonBP/Maps/UEDPIE_0_FirstPersonExampleMap.FirstPersonExampleMap up for play (max tick rate 0) at 2019.05.09-00.28.14
[2019.05.08-22.28.14:649][734]LogWorld: Bringing up level for play took: 0.000853
[2019.05.08-22.28.14:679][734]PIE: Play in editor start time for /Game/FirstPersonBP/Maps/UEDPIE_0_FirstPersonExampleMap 0,65
[2019.05.08-22.28.14:679][734]LogBlueprintUserMessages: Late PlayInEditor Detection: Level '/Game/FirstPersonBP/Maps/FirstPersonExampleMap.FirstPersonExampleMap:PersistentLevel' has LevelScriptBlueprint '/Game/FirstPersonBP/Maps/FirstPersonExampleMap.FirstPersonExampleMap:PersistentLevel.FirstPersonExampleMap' with GeneratedClass '/Game/FirstPersonBP/Maps/FirstPersonExampleMap.FirstPersonExampleMap_C' with ClassGeneratedBy '/Game/FirstPersonBP/Maps/FirstPersonExampleMap.FirstPersonExampleMap:PersistentLevel.FirstPersonExampleMap'
[2019.05.08-22.28.16:338][928]LogBlueprintUserMessages: Early EndPlayMap Detection: Level '/Game/FirstPersonBP/Maps/FirstPersonExampleMap.FirstPersonExampleMap:PersistentLevel' has LevelScriptBlueprint '/Game/FirstPersonBP/Maps/FirstPersonExampleMap.FirstPersonExampleMap:PersistentLevel.FirstPersonExampleMap' with GeneratedClass '/Game/FirstPersonBP/Maps/FirstPersonExampleMap.FirstPersonExampleMap_C' with ClassGeneratedBy '/Game/FirstPersonBP/Maps/FirstPersonExampleMap.FirstPersonExampleMap:PersistentLevel.FirstPersonExampleMap'
[2019.05.08-22.28.16:338][928]LogSlate: Updating window title bar state: overlay mode, drag disabled, window buttons hidden, title bar hidden
[2019.05.08-22.28.16:386][928]LogPlayLevel: Display: Shutting down PIE online subsystems
[2019.05.08-22.28.16:386][928]LogBlueprintUserMessages: Late EndPlayMap Detection: Level '/Game/FirstPersonBP/Maps/FirstPersonExampleMap.FirstPersonExampleMap:PersistentLevel' has LevelScriptBlueprint '/Game/FirstPersonBP/Maps/FirstPersonExampleMap.FirstPersonExampleMap:PersistentLevel.FirstPersonExampleMap' with GeneratedClass '/Game/FirstPersonBP/Maps/FirstPersonExampleMap.FirstPersonExampleMap_C' with ClassGeneratedBy '/Game/FirstPersonBP/Maps/FirstPersonExampleMap.FirstPersonExampleMap:PersistentLevel.FirstPersonExampleMap'
[2019.05.08-22.28.16:434][928]LogSlate: Updating window title bar state: overlay mode, drag disabled, window buttons hidden, title bar hidden
[2019.05.08-22.28.16:439][928]LogUObjectHash: Compacting FUObjectHashTables data took   2.71ms
[2019.05.08-22.28.16:460][929]LogPlayLevel: Display: Destroying online subsystem :Context_7
[2019.05.08-22.28.18:307][146]LogSlate: FSceneViewport::OnFocusLost() reason 2
[2019.05.08-22.28.19:825][319]SourceControl: fatal: D:/Spiele/UE_4.22/Engine/Content: 'D:/Spiele/UE_4.22/Engine/Content' is outside repository
[2019.05.08-22.28.19:991][319]LogSlate: FSceneViewport::OnFocusLost() reason 2
[2019.05.08-22.28.51:355][319]LogSlate: Window 'Submit Files' being destroyed
[2019.05.08-22.28.51:363][319]LogSlate: FSceneViewport::OnFocusLost() reason 2
[2019.05.08-22.28.51:528][319]LogSlate: FSceneViewport::OnFocusLost() reason 2
[2019.05.08-22.28.51:976][319]LogSourceControl: commit successful: [master a75a958] Added: HUD Widget Added: HUD Version Text Added: HUD Display in Character
[2019.05.08-22.28.52:131][319]SourceControl: [master a75a958] Added: HUD Widget Added: HUD Version Text Added: HUD Display in Character
[2019.05.08-22.28.52:131][319]SourceControl:  2 files changed, 0 insertions(+), 0 deletions(-)
[2019.05.08-22.28.52:131][319]SourceControl:  create mode 100644 Content/FirstPersonBP/HUD/HUD_WIDGET.uasset
[2019.05.08-22.28.52:135][319]SourceControl: Commited [master a75a958] Added: HUD Widget Added: HUD Version Text Added: HUD Display in Character.
